[2013-07-04 23:01:49] START
[2013-07-04 23:30:35] EDIT Placement_Portal/models/db.py: 0
[2013-07-04 23:38:43] EDIT Placement_Portal/models/db.py: 0
[2013-07-04 23:46:25] EDIT Placement_Portal/views/layout.html: -1
[2013-07-04 23:48:30] EDIT Placement_Portal/views/layout.html: 0
[2013-07-04 23:49:35] EDIT Placement_Portal/views/layout.html: 0
[2013-07-04 23:50:16] EDIT Placement_Portal/views/layout.html: 0
[2013-07-04 23:54:12] EDIT Placement_Portal/views/layout.html: -1
[2013-07-04 23:57:24] EDIT Placement_Portal/views/layout.html: 0
[2013-07-04 23:58:08] EDIT Placement_Portal/views/layout.html: -5
[2013-07-04 23:59:42] EDIT Placement_Portal/views/layout.html: 6
[2013-07-05 00:00:01] EDIT Placement_Portal/views/layout.html: 0
[2013-07-05 00:01:11] EDIT Placement_Portal/views/layout.html: 0
[2013-07-05 00:01:35] EDIT Placement_Portal/views/layout.html: 0
[2013-07-05 00:02:19] EDIT Placement_Portal/views/layout.html: 0
[2013-07-05 00:03:09] EDIT Placement_Portal/views/layout.html: -1
[2013-07-05 00:03:28] EDIT Placement_Portal/views/layout.html: 1
[2013-07-05 00:03:50] EDIT Placement_Portal/views/layout.html: -1
[2013-07-05 00:04:34] EDIT Placement_Portal/views/layout.html: 1
[2013-07-05 00:05:50] EDIT Placement_Portal/views/layout.html: 0
[2013-07-05 00:11:21] EDIT Placement_Portal/views/layout.html: 1
[2013-07-05 00:14:03] EDIT Placement_Portal/models/db.py: 0
[2013-07-05 16:45:52] EDIT Placement_Portal/views/default/index.html: 0
[2013-07-05 16:46:24] EDIT Placement_Portal/views/default/index.html: 0
[2013-07-05 16:46:57] EDIT Placement_Portal/views/default/index.html: 0
[2013-07-05 16:48:00] EDIT Placement_Portal/views/default/index.html: 0
[2013-07-05 16:48:55] EDIT Placement_Portal/views/default/index.html: 0
[2013-07-05 16:49:30] EDIT Placement_Portal/views/default/index.html: 0
[2013-07-05 16:50:48] EDIT Placement_Portal/views/default/index.html: -3
[2013-07-05 16:51:40] EDIT Placement_Portal/views/default/index.html: -2
[2013-07-05 16:52:51] EDIT Placement_Portal/views/default/index.html: -2
[2013-07-05 16:54:54] EDIT Placement_Portal/views/default/index.html: 2
[2013-07-05 16:55:09] EDIT Placement_Portal/views/default/index.html: 0
[2013-07-05 16:55:29] EDIT Placement_Portal/views/default/index.html: 0
[2013-07-05 16:55:46] EDIT Placement_Portal/views/default/index.html: 0
[2013-07-05 16:56:28] EDIT Placement_Portal/views/default/index.html: -1
[2013-07-05 16:56:53] EDIT Placement_Portal/views/default/index.html: 0
[2013-07-05 16:57:17] EDIT Placement_Portal/views/default/index.html: 0
[2013-07-05 17:03:05] EDIT Placement_Portal/models/menu.py: 0
[2013-07-05 17:04:07] EDIT Placement_Portal/models/menu.py: 0
[2013-07-05 17:04:46] EDIT Placement_Portal/models/menu.py: 0
[2013-07-05 17:05:08] EDIT Placement_Portal/models/menu.py: 0
[2013-07-05 17:05:36] EDIT Placement_Portal/models/menu.py: 0
[2013-07-05 17:08:36] EDIT Placement_Portal/models/menu.py: 0
[2013-07-05 17:09:46] EDIT Placement_Portal/models/menu.py: 0
[2013-07-11 22:37:59] EDIT Placement_Portal/views/layout.html: -4
[2013-07-11 22:39:17] EDIT Placement_Portal/views/layout.html: 0
[2013-07-11 22:40:50] EDIT Placement_Portal/views/default/index.html: -3
[2013-07-11 22:41:30] EDIT Placement_Portal/views/default/index.html: -2
[2013-07-11 22:42:19] EDIT Placement_Portal/views/default/index.html: -1
[2013-07-11 22:44:45] EDIT Placement_Portal/models/menu.py: -2
[2013-07-11 22:45:19] EDIT Placement_Portal/models/menu.py: 1
[2013-07-11 22:46:32] EDIT Placement_Portal/models/menu.py: 1
[2013-07-11 22:46:47] EDIT Placement_Portal/models/menu.py: -1
[2013-07-11 22:48:01] EDIT Placement_Portal/models/menu.py: 0
[2013-07-11 22:48:16] EDIT Placement_Portal/models/menu.py: 0
[2013-07-11 22:49:48] EDIT Placement_Portal/views/default/index.html: 0
[2013-07-11 22:50:32] EDIT Placement_Portal/controllers/default.py: 0
[2013-07-12 09:53:33] EDIT Placement_Portal/views/default/index.html: 13
[2013-07-12 09:54:17] EDIT Placement_Portal/views/default/index.html: 0
[2013-07-12 09:54:37] EDIT Placement_Portal/views/default/index.html: 0
[2013-07-12 09:56:18] EDIT Placement_Portal/views/default/index.html: 26
[2013-07-12 09:56:54] EDIT Placement_Portal/views/default/index.html: -17
[2013-07-12 09:57:23] EDIT Placement_Portal/views/default/index.html: -7
